AndroidStudio/Ch14/TaiwanCultureExample/proguard/seeds.txt
com.google.gson.FieldNamingPolicy: com.google.gson.FieldNamingPolicy[] values()
com.google.gson.FieldNamingPolicy: com.google.gson.FieldNamingPolicy valueOf(java.lang.String)
com.google.gson.LongSerializationPolicy: com.google.gson.LongSerializationPolicy[] values()
com.google.gson.LongSerializationPolicy: com.google.gson.LongSerializationPolicy valueOf(java.lang.String)
com.google.gson.stream.JsonScope: com.google.gson.stream.JsonScope[] values()
com.google.gson.stream.JsonScope: com.google.gson.stream.JsonScope valueOf(java.lang.String)
com.google.gson.stream.JsonToken: com.google.gson.stream.JsonToken[] values()
com.google.gson.stream.JsonToken: com.google.gson.stream.JsonToken valueOf(java.lang.String)
peterbookmace.taiwanculture.sample.HelloWebView
peterbookmace.taiwanculture.sample.Main
peterbookmace.taiwanculture.sample.Main: Main()
peterbookmace.taiwanculture.sample.aboutUS
peterbookmace.taiwanculture.sample.aboutUS: aboutUS()
peterbookmace.taiwanculture.sample.locationDetection
peterbookmace.taiwanculture.sample.locationDetection: locationDetection()
peterbookmace.taiwanculture.sample.searchDetails
peterbookmace.taiwanculture.sample.searchDetails: searchDetails()
peterbookmace.taiwanculture.sample.searchPanel
peterbookmace.taiwanculture.sample.searchPanel: searchPanel()
uk.co.senab.photoview.PhotoView
uk.co.senab.photoview.PhotoView: PhotoView(android.content.Context,android.util.AttributeSet)