AndroidStudio/Ch14/TaiwanCultureExample/proguard/mapping.txt
peterbookmace.taiwanculture.sample.aboutUS$2 -> peterbookmace.taiwanculture.sample.f:
    peterbookmace.taiwanculture.sample.aboutUS this$0 -> a
    java.lang.String[] val$email -> b
    void onItemClick(android.widget.AdapterView,android.view.View,int,long) -> onItemClick
peterbookmace.taiwanculture.sample.getDataFromInternet -> peterbookmace.taiwanculture.sample.g:
    java.lang.String readJSONData(java.lang.String) -> a
    java.util.ArrayList parseCategory(java.lang.String) -> b
    java.lang.String[] parseEventDetails(java.lang.String) -> c
peterbookmace.taiwanculture.sample.locationDetection -> peterbookmace.taiwanculture.sample.locationDetection:
    android.location.Location location1 -> a
    int selectedIndex -> b
peterbookmace.taiwanculture.sample.mySharePreferences -> peterbookmace.taiwanculture.sample.h:
    android.content.Context context -> a
    java.lang.String PREFS_NAME -> b
    int getLanguageID() -> a
peterbookmace.taiwanculture.sample.searchDetails -> peterbookmace.taiwanculture.sample.searchDetails:
    int iconNumber -> a
    java.lang.String topicId -> b
    java.lang.String activityName -> c
    android.widget.TextView textView1 -> d
    android.widget.ListView listView -> e
    int[] iconID -> f
    void onCreate(android.os.Bundle) -> onCreate
    java.util.ArrayList access$0$79f817d7(java.lang.String[]) -> a
peterbookmace.taiwanculture.sample.searchDetails$MyTaskDownloadDetails -> peterbookmace.taiwanculture.sample.i:
    peterbookmace.taiwanculture.sample.getDataFromInternet getDataFromInternet1 -> a
    java.lang.String eventDetail -> b
    java.lang.String[] list1 -> c
    android.app.ProgressDialog myDialog -> e
    peterbookmace.taiwanculture.sample.searchDetails this$0 -> d
    void onPreExecute() -> onPreExecute
    void onPostExecute(java.lang.Object) -> onPostExecute
    java.lang.Object doInBackground(java.lang.Object[]) -> doInBackground
peterbookmace.taiwanculture.sample.searchPanel -> peterbookmace.taiwanculture.sample.searchPanel:
    int iconNumber -> c
    int categoryID -> d
    java.lang.String[] numbers -> e
    android.widget.ListView listView -> f
    int[] iconID -> g
    void onCreate(android.os.Bundle) -> onCreate
    void fillListView(java.util.ArrayList) -> a
    void onDestroy() -> onDestroy
peterbookmace.taiwanculture.sample.searchPanel$1 -> peterbookmace.taiwanculture.sample.j:
    peterbookmace.taiwanculture.sample.searchPanel this$0 -> a
    java.util.ArrayList val$list1 -> b
    void onItemClick(android.widget.AdapterView,android.view.View,int,long) -> onItemClick
peterbookmace.taiwanculture.sample.searchPanel$MyTaskDownloadEvents -> peterbookmace.taiwanculture.sample.k:
    peterbookmace.taiwanculture.sample.getDataFromInternet getDataFromInternet1 -> a
    java.util.ArrayList list1 -> b
    android.app.ProgressDialog myDialog -> e
    java.lang.String eventsData -> c
    peterbookmace.taiwanculture.sample.searchPanel this$0 -> d
    void onPreExecute() -> onPreExecute
    void onPostExecute(java.lang.Object) -> onPostExecute
    java.lang.Object doInBackground(java.lang.Object[]) -> doInBackground
uk.co.senab.photoview.PhotoView -> uk.co.senab.photoview.PhotoView:
    uk.co.senab.photoview.PhotoViewAttacher mAttacher -> a
    void setImageDrawable(android.graphics.drawable.Drawable) -> setImageDrawable