AndroidStudio/Ch14/TaiwanCultureExample/proguard/usage.txt
com.google.gson.internal.bind.TypeAdapters$7
com.google.gson.internal.bind.TypeAdapters$8
com.google.gson.internal.bind.TypeAdapters$9
com.google.gson.internal.bind.TypeAdapters$EnumTypeAdapter
com.google.gson.reflect.TypeToken
com.google.gson.stream.JsonReader
com.google.gson.stream.JsonReader$1
com.google.gson.stream.JsonReader$2
com.google.gson.stream.JsonScope
com.google.gson.stream.JsonToken
com.google.gson.stream.JsonWriter
com.google.gson.stream.JsonWriter$1
com.google.gson.stream.MalformedJsonException
com.google.gson.stream.StringPool
com.handmark.pulltorefresh.library.R
com.handmark.pulltorefresh.library.R$anim
com.handmark.pulltorefresh.library.R$attr
com.handmark.pulltorefresh.library.R$dimen
com.handmark.pulltorefresh.library.R$drawable
com.handmark.pulltorefresh.library.R$id
com.handmark.pulltorefresh.library.R$layout
com.handmark.pulltorefresh.library.R$string
com.handmark.pulltorefresh.library.R$styleable
peterbookmace.taiwanculture.sample.BuildConfig
peterbookmace.taiwanculture.sample.R
peterbookmace.taiwanculture.sample.R$anim
peterbookmace.taiwanculture.sample.R$attr
peterbookmace.taiwanculture.sample.R$dimen
peterbookmace.taiwanculture.sample.R$drawable
peterbookmace.taiwanculture.sample.R$id
peterbookmace.taiwanculture.sample.R$layout
peterbookmace.taiwanculture.sample.R$string
peterbookmace.taiwanculture.sample.R$styleable
peterbookmace.taiwanculture.sample.aboutUS:
    android.widget.ImageView imgEvent
    android.view.View defaultSelectedView
    android.widget.LinearLayout myGallery
peterbookmace.taiwanculture.sample.centerOverlay
peterbookmace.taiwanculture.sample.checkDatabase
peterbookmace.taiwanculture.sample.locationDetection:
    public android.location.LocationManager locationManager1
    public java.lang.String locationPrivider1
    18:19:public boolean detectGPSSettings()
    25:26:public boolean detectNetworkSettings()
    30:39:public boolean detectTwoLocationSettings()
    43:52:public int detectSatellites()
    56:81:public void locateMyPosition()
    85:105:public android.location.Location getMyLocationPrivider(android.location.LocationManager,int)
peterbookmace.taiwanculture.sample.mySQLiteOpenHelper
peterbookmace.taiwanculture.sample.mySharePreferences:
    24:25:public java.lang.String getDBPath()
    29:33:public void savePreference(java.lang.String,java.lang.String)
    36:37:public int getDBVersion()
    41:45:public void saveDBVersion(int)
    48:49:public boolean hasDatabase()
    53:57:public void saveHasDatabase(boolean)
    60:61:public java.lang.String getLastCheckDBVersion()
    70:74:public void saveTurnOnMultiLangMode(boolean)
    77:79:public java.lang.String getToday()
    83:86:public java.lang.String getYesterday()
    90:95:public void saveLastCheckDBVersion(java.util.Date)
    98:122:public boolean shouldCheckVersion()
    170:194:int getCategoryID(int)
uk.co.senab.photoview.PhotoView:
    33:35:public PhotoView(android.content.Context)
    48:48:public boolean canZoom()
    59:59:public android.graphics.RectF getDisplayRect()
    68:68:public float getScale()
    85:86:public void setOnMatrixChangeListener(uk.co.senab.photoview.PhotoViewAttacher$OnMatrixChangedListener)
    96:97:public void setOnPhotoTapListener(uk.co.senab.photoview.PhotoViewAttacher$OnPhotoTapListener)
    107:108:public void setZoomable(boolean)
    121:122:public void zoomTo(float,float,float)